<?xml version="1.0" encoding="UTF-8"?>
<testng-results skipped="0" failed="0" total="0" passed="0">
  <reporter-output>
  </reporter-output>
  <suite name="stepdefinitions.TestRunner" duration-ms="0" started-at="2017-07-10T08:33:00Z" finished-at="2017-07-10T08:33:00Z">
    <groups>
    </groups>
    <test name="Command line test" duration-ms="0" started-at="2017-07-10T08:33:00Z" finished-at="2017-07-10T08:33:00Z">
    </test> <!-- Command line test -->
  </suite> <!-- stepdefinitions.TestRunner -->
</testng-results>
